{"C:/Users/Munkhtenger/Desktop/tools_again/recipe-browser/vue/src/views/Calorie_friendly.vue": {"path":"C:/Users/Munkhtenger/Desktop/tools_again/recipe-browser/vue/src/views/Calorie_friendly.vue","statementMap":{"0":{"start":{"line":3,"column":8},"end":{"line":3,"column":12}}},"fnMap":{},"branchMap":{},"s":{"0":1},"f":{},"b":{}}
,"C:/Users/Munkhtenger/Desktop/tools_again/recipe-browser/vue/src/views/Discover.vue": {"path":"C:/Users/Munkhtenger/Desktop/tools_again/recipe-browser/vue/src/views/Discover.vue","statementMap":{"0":{"start":{"line":3,"column":8},"end":{"line":3,"column":12}}},"fnMap":{},"branchMap":{},"s":{"0":1},"f":{},"b":{}}
,"C:/Users/Munkhtenger/Desktop/tools_again/recipe-browser/vue/src/views/Home.vue": {"path":"C:/Users/Munkhtenger/Desktop/tools_again/recipe-browser/vue/src/views/Home.vue","statementMap":{"0":{"start":{"line":3,"column":8},"end":{"line":3,"column":12}}},"fnMap":{},"branchMap":{},"s":{"0":1},"f":{},"b":{}}
,"C:/Users/Munkhtenger/Desktop/tools_again/recipe-browser/vue/src/views/Recipe.vue": {"path":"C:/Users/Munkhtenger/Desktop/tools_again/recipe-browser/vue/src/views/Recipe.vue","statementMap":{"0":{"start":{"line":3,"column":8},"end":{"line":3,"column":12}}},"fnMap":{},"branchMap":{},"s":{"0":1},"f":{},"b":{}}
}
